# JRE version: OpenJDK Runtime Environment (11.0.6+10) (build 11.0.6+10)
# Java VM: OpenJDK 64-Bit Server VM (11.0.6+10, mixed mode, tiered, compressed oops, g1 gc, windows-amd64)
Heap:
 garbage-first heap   total 131072K, used 15737K [0x0000000081c00000, 0x0000000100000000)
  region size 1024K, 10 young (10240K), 7 survivors (7168K)
 Metaspace       used 23877K, capacity 24486K, committed 24752K, reserved 1071104K
  class space    used 2484K, capacity 2691K, committed 2816K, reserved 1048576K
GC Heap History (8 events):
Event: 1.105 GC heap before
{Heap before GC invocations=0 (full 0):
 garbage-first heap   total 131072K, used 23552K [0x0000000081c00000, 0x0000000100000000)
  region size 1024K, 24 young (24576K), 0 survivors (0K)
 Metaspace       used 13440K, capacity 13663K, committed 13824K, reserved 1060864K
  class space    used 1360K, capacity 1428K, committed 1536K, reserved 1048576K
}
Event: 1.110 GC heap after
{Heap after GC invocations=1 (full 0):
 garbage-first heap   total 131072K, used 3636K [0x0000000081c00000, 0x0000000100000000)
  region size 1024K, 3 young (3072K), 3 survivors (3072K)
 Metaspace       used 13440K, capacity 13663K, committed 13824K, reserved 1060864K
  class space    used 1360K, capacity 1428K, committed 1536K, reserved 1048576K
}
Event: 2.118 GC heap before
{Heap before GC invocations=1 (full 0):
 garbage-first heap   total 131072K, used 54836K [0x0000000081c00000, 0x0000000100000000)
  region size 1024K, 54 young (55296K), 3 survivors (3072K)
 Metaspace       used 20798K, capacity 21112K, committed 21296K, reserved 1069056K
  class space    used 2235K, capacity 2357K, committed 2432K, reserved 1048576K
}
Event: 2.134 GC heap after
{Heap after GC invocations=2 (full 0):
 garbage-first heap   total 131072K, used 6840K [0x0000000081c00000, 0x0000000100000000)
  region size 1024K, 7 young (7168K), 7 survivors (7168K)
 Metaspace       used 20798K, capacity 21112K, committed 21296K, reserved 1069056K
  class space    used 2235K, capacity 2357K, committed 2432K, reserved 1048576K
}
Event: 3.240 GC heap before
{Heap before GC invocations=3 (full 0):
 garbage-first heap   total 131072K, used 64184K [0x0000000081c00000, 0x0000000100000000)
  region size 1024K, 63 young (64512K), 7 survivors (7168K)
 Metaspace       used 22655K, capacity 23103K, committed 23216K, reserved 1071104K
  class space    used 2379K, capacity 2506K, committed 2560K, reserved 1048576K
}
Event: 3.257 GC heap after
{Heap after GC invocations=4 (full 0):
 garbage-first heap   total 131072K, used 11573K [0x0000000081c00000, 0x0000000100000000)
  region size 1024K, 8 young (8192K), 8 survivors (8192K)
 Metaspace       used 22655K, capacity 23103K, committed 23216K, reserved 1071104K
  class space    used 2379K, capacity 2506K, committed 2560K, reserved 1048576K
}
Event: 20.228 GC heap before
{Heap before GC invocations=4 (full 0):
 garbage-first heap   total 131072K, used 81205K [0x0000000081c00000, 0x0000000100000000)
  region size 1024K, 76 young (77824K), 8 survivors (8192K)
 Metaspace       used 23854K, capacity 24486K, committed 24752K, reserved 1071104K
  class space    used 2484K, capacity 2691K, committed 2816K, reserved 1048576K
}
Event: 20.243 GC heap after
{Heap after GC invocations=5 (full 0):
 garbage-first heap   total 131072K, used 13689K [0x0000000081c00000, 0x0000000100000000)
  region size 1024K, 7 young (7168K), 7 survivors (7168K)
 Metaspace       used 23854K, capacity 24486K, committed 24752K, reserved 1071104K
  class space    used 2484K, capacity 2691K, committed 2816K, reserved 1048576K
}

