# JRE version: OpenJDK Runtime Environment (11.0.6+10) (build 11.0.6+10)
# Java VM: OpenJDK 64-Bit Server VM (11.0.6+10, mixed mode, tiered, compressed oops, g1 gc, windows-amd64)
Heap:
 garbage-first heap   total 131072K, used 28632K [0x0000000081c00000, 0x0000000100000000)
  region size 1024K, 13 young (13312K), 1 survivors (1024K)
 Metaspace       used 32999K, capacity 33665K, committed 33968K, reserved 1079296K
  class space    used 3564K, capacity 3783K, committed 3840K, reserved 1048576K
GC Heap History (14 events):
Event: 1.632 GC heap before
{Heap before GC invocations=0 (full 0):
 garbage-first heap   total 131072K, used 23552K [0x0000000081c00000, 0x0000000100000000)
  region size 1024K, 24 young (24576K), 0 survivors (0K)
 Metaspace       used 13625K, capacity 13836K, committed 14080K, reserved 1062912K
  class space    used 1371K, capacity 1463K, committed 1536K, reserved 1048576K
}
Event: 1.638 GC heap after
{Heap after GC invocations=1 (full 0):
 garbage-first heap   total 131072K, used 3958K [0x0000000081c00000, 0x0000000100000000)
  region size 1024K, 3 young (3072K), 3 survivors (3072K)
 Metaspace       used 13625K, capacity 13836K, committed 14080K, reserved 1062912K
  class space    used 1371K, capacity 1463K, committed 1536K, reserved 1048576K
}
Event: 3.463 GC heap before
{Heap before GC invocations=1 (full 0):
 garbage-first heap   total 131072K, used 55158K [0x0000000081c00000, 0x0000000100000000)
  region size 1024K, 54 young (55296K), 3 survivors (3072K)
 Metaspace       used 20795K, capacity 21112K, committed 21296K, reserved 1069056K
  class space    used 2236K, capacity 2357K, committed 2432K, reserved 1048576K
}
Event: 3.475 GC heap after
{Heap after GC invocations=2 (full 0):
 garbage-first heap   total 131072K, used 6695K [0x0000000081c00000, 0x0000000100000000)
  region size 1024K, 6 young (6144K), 6 survivors (6144K)
 Metaspace       used 20795K, capacity 21112K, committed 21296K, reserved 1069056K
  class space    used 2236K, capacity 2357K, committed 2432K, reserved 1048576K
}
Event: 5.198 GC heap before
{Heap before GC invocations=3 (full 0):
 garbage-first heap   total 131072K, used 57895K [0x0000000081c00000, 0x0000000100000000)
  region size 1024K, 57 young (58368K), 6 survivors (6144K)
 Metaspace       used 22639K, capacity 23102K, committed 23216K, reserved 1071104K
  class space    used 2379K, capacity 2506K, committed 2560K, reserved 1048576K
}
Event: 5.212 GC heap after
{Heap after GC invocations=4 (full 0):
 garbage-first heap   total 131072K, used 11185K [0x0000000081c00000, 0x0000000100000000)
  region size 1024K, 8 young (8192K), 8 survivors (8192K)
 Metaspace       used 22639K, capacity 23102K, committed 23216K, reserved 1071104K
  class space    used 2379K, capacity 2506K, committed 2560K, reserved 1048576K
}
Event: 8.748 GC heap before
{Heap before GC invocations=4 (full 0):
 garbage-first heap   total 131072K, used 74673K [0x0000000081c00000, 0x0000000100000000)
  region size 1024K, 70 young (71680K), 8 survivors (8192K)
 Metaspace       used 30257K, capacity 30837K, committed 31152K, reserved 1077248K
  class space    used 3272K, capacity 3459K, committed 3584K, reserved 1048576K
}
Event: 8.775 GC heap after
{Heap after GC invocations=5 (full 0):
 garbage-first heap   total 131072K, used 16480K [0x0000000081c00000, 0x0000000100000000)
  region size 1024K, 9 young (9216K), 9 survivors (9216K)
 Metaspace       used 30257K, capacity 30837K, committed 31152K, reserved 1077248K
  class space    used 3272K, capacity 3459K, committed 3584K, reserved 1048576K
}
Event: 17.893 GC heap before
{Heap before GC invocations=5 (full 0):
 garbage-first heap   total 131072K, used 85088K [0x0000000081c00000, 0x0000000100000000)
  region size 1024K, 76 young (77824K), 9 survivors (9216K)
 Metaspace       used 30310K, capacity 30901K, committed 31152K, reserved 1077248K
  class space    used 3272K, capacity 3459K, committed 3584K, reserved 1048576K
}
Event: 17.905 GC heap after
{Heap after GC invocations=6 (full 0):
 garbage-first heap   total 131072K, used 18300K [0x0000000081c00000, 0x0000000100000000)
  region size 1024K, 2 young (2048K), 2 survivors (2048K)
 Metaspace       used 30310K, capacity 30901K, committed 31152K, reserved 1077248K
  class space    used 3272K, capacity 3459K, committed 3584K, reserved 1048576K
}
Event: 27.429 GC heap before
{Heap before GC invocations=6 (full 0):
 garbage-first heap   total 131072K, used 91004K [0x0000000081c00000, 0x0000000100000000)
  region size 1024K, 73 young (74752K), 2 survivors (2048K)
 Metaspace       used 30310K, capacity 30901K, committed 31152K, reserved 1077248K
  class space    used 3272K, capacity 3459K, committed 3584K, reserved 1048576K
}
Event: 27.431 GC heap after
{Heap after GC invocations=7 (full 0):
 garbage-first heap   total 131072K, used 17202K [0x0000000081c00000, 0x0000000100000000)
  region size 1024K, 1 young (1024K), 1 survivors (1024K)
 Metaspace       used 30310K, capacity 30901K, committed 31152K, reserved 1077248K
  class space    used 3272K, capacity 3459K, committed 3584K, reserved 1048576K
}
Event: 45.071 GC heap before
{Heap before GC invocations=7 (full 0):
 garbage-first heap   total 131072K, used 94002K [0x0000000081c00000, 0x0000000100000000)
  region size 1024K, 76 young (77824K), 1 survivors (1024K)
 Metaspace       used 32910K, capacity 33537K, committed 33712K, reserved 1079296K
  class space    used 3555K, capacity 3719K, committed 3840K, reserved 1048576K
}
Event: 45.073 GC heap after
{Heap after GC invocations=8 (full 0):
 garbage-first heap   total 131072K, used 17368K [0x0000000081c00000, 0x0000000100000000)
  region size 1024K, 1 young (1024K), 1 survivors (1024K)
 Metaspace       used 32910K, capacity 33537K, committed 33712K, reserved 1079296K
  class space    used 3555K, capacity 3719K, committed 3840K, reserved 1048576K
}

