# JRE version: OpenJDK Runtime Environment (11.0.6+10) (build 11.0.6+10)
# Java VM: OpenJDK 64-Bit Server VM (11.0.6+10, mixed mode, tiered, compressed oops, g1 gc, windows-amd64)
Heap:
 garbage-first heap   total 157696K, used 44855K [0x0000000081c00000, 0x0000000100000000)
  region size 1024K, 25 young (25600K), 7 survivors (7168K)
 Metaspace       used 35636K, capacity 36719K, committed 36912K, reserved 1081344K
  class space    used 3803K, capacity 4151K, committed 4224K, reserved 1048576K
GC Heap History (12 events):
Event: 0.893 GC heap before
{Heap before GC invocations=0 (full 0):
 garbage-first heap   total 131072K, used 23552K [0x0000000081c00000, 0x0000000100000000)
  region size 1024K, 24 young (24576K), 0 survivors (0K)
 Metaspace       used 13462K, capacity 13727K, committed 14080K, reserved 1062912K
  class space    used 1363K, capacity 1428K, committed 1536K, reserved 1048576K
}
Event: 0.899 GC heap after
{Heap after GC invocations=1 (full 0):
 garbage-first heap   total 131072K, used 3647K [0x0000000081c00000, 0x0000000100000000)
  region size 1024K, 3 young (3072K), 3 survivors (3072K)
 Metaspace       used 13462K, capacity 13727K, committed 14080K, reserved 1062912K
  class space    used 1363K, capacity 1428K, committed 1536K, reserved 1048576K
}
Event: 1.712 GC heap before
{Heap before GC invocations=1 (full 0):
 garbage-first heap   total 131072K, used 53823K [0x0000000081c00000, 0x0000000100000000)
  region size 1024K, 53 young (54272K), 3 survivors (3072K)
 Metaspace       used 20805K, capacity 21112K, committed 21296K, reserved 1069056K
  class space    used 2236K, capacity 2357K, committed 2432K, reserved 1048576K
}
Event: 1.725 GC heap after
{Heap after GC invocations=2 (full 0):
 garbage-first heap   total 131072K, used 6719K [0x0000000081c00000, 0x0000000100000000)
  region size 1024K, 6 young (6144K), 6 survivors (6144K)
 Metaspace       used 20805K, capacity 21112K, committed 21296K, reserved 1069056K
  class space    used 2236K, capacity 2357K, committed 2432K, reserved 1048576K
}
Event: 2.781 GC heap before
{Heap before GC invocations=3 (full 0):
 garbage-first heap   total 131072K, used 63039K [0x0000000081c00000, 0x0000000100000000)
  region size 1024K, 61 young (62464K), 6 survivors (6144K)
 Metaspace       used 22035K, capacity 22427K, committed 22576K, reserved 1069056K
  class space    used 2300K, capacity 2430K, committed 2432K, reserved 1048576K
}
Event: 2.795 GC heap after
{Heap after GC invocations=4 (full 0):
 garbage-first heap   total 131072K, used 11653K [0x0000000081c00000, 0x0000000100000000)
  region size 1024K, 8 young (8192K), 8 survivors (8192K)
 Metaspace       used 22035K, capacity 22427K, committed 22576K, reserved 1069056K
  class space    used 2300K, capacity 2430K, committed 2432K, reserved 1048576K
}
Event: 4.434 GC heap before
{Heap before GC invocations=4 (full 0):
 garbage-first heap   total 131072K, used 76165K [0x0000000081c00000, 0x0000000100000000)
  region size 1024K, 71 young (72704K), 8 survivors (8192K)
 Metaspace       used 30031K, capacity 30719K, committed 30768K, reserved 1077248K
  class space    used 3229K, capacity 3435K, committed 3456K, reserved 1048576K
}
Event: 4.448 GC heap after
{Heap after GC invocations=5 (full 0):
 garbage-first heap   total 131072K, used 17153K [0x0000000081c00000, 0x0000000100000000)
  region size 1024K, 6 young (6144K), 6 survivors (6144K)
 Metaspace       used 30031K, capacity 30719K, committed 30768K, reserved 1077248K
  class space    used 3229K, capacity 3435K, committed 3456K, reserved 1048576K
}
Event: 5.622 GC heap before
{Heap before GC invocations=5 (full 0):
 garbage-first heap   total 131072K, used 84737K [0x0000000081c00000, 0x0000000100000000)
  region size 1024K, 73 young (74752K), 6 survivors (6144K)
 Metaspace       used 34449K, capacity 35340K, committed 35376K, reserved 1081344K
  class space    used 3671K, capacity 3949K, committed 3968K, reserved 1048576K
}
Event: 5.636 GC heap after
{Heap after GC invocations=6 (full 0):
 garbage-first heap   total 157696K, used 26517K [0x0000000081c00000, 0x0000000100000000)
  region size 1024K, 10 young (10240K), 10 survivors (10240K)
 Metaspace       used 34449K, capacity 35340K, committed 35376K, reserved 1081344K
  class space    used 3671K, capacity 3949K, committed 3968K, reserved 1048576K
}
Event: 5.667 GC heap before
{Heap before GC invocations=6 (full 0):
 garbage-first heap   total 157696K, used 27541K [0x0000000081c00000, 0x0000000100000000)
  region size 1024K, 12 young (12288K), 10 survivors (10240K)
 Metaspace       used 34790K, capacity 35670K, committed 35888K, reserved 1081344K
  class space    used 3692K, capacity 3952K, committed 3968K, reserved 1048576K
}
Event: 5.688 GC heap after
{Heap after GC invocations=7 (full 0):
 garbage-first heap   total 157696K, used 27447K [0x0000000081c00000, 0x0000000100000000)
  region size 1024K, 7 young (7168K), 7 survivors (7168K)
 Metaspace       used 34790K, capacity 35670K, committed 35888K, reserved 1081344K
  class space    used 3692K, capacity 3952K, committed 3968K, reserved 1048576K
}

