# JRE version: OpenJDK Runtime Environment (11.0.6+10) (build 11.0.6+10)
# Java VM: OpenJDK 64-Bit Server VM (11.0.6+10, mixed mode, tiered, compressed oops, g1 gc, windows-amd64)
Heap:
 garbage-first heap   total 131072K, used 81256K [0x0000000081c00000, 0x0000000100000000)
  region size 1024K, 77 young (78848K), 9 survivors (9216K)
 Metaspace       used 31216K, capacity 31982K, committed 32304K, reserved 1077248K
  class space    used 3347K, capacity 3599K, committed 3712K, reserved 1048576K
GC Heap History (6 events):
Event: 1.115 GC heap before
{Heap before GC invocations=0 (full 0):
 garbage-first heap   total 131072K, used 23552K [0x0000000081c00000, 0x0000000100000000)
  region size 1024K, 24 young (24576K), 0 survivors (0K)
 Metaspace       used 13446K, capacity 13727K, committed 14080K, reserved 1062912K
  class space    used 1362K, capacity 1428K, committed 1536K, reserved 1048576K
}
Event: 1.124 GC heap after
{Heap after GC invocations=1 (full 0):
 garbage-first heap   total 131072K, used 3646K [0x0000000081c00000, 0x0000000100000000)
  region size 1024K, 3 young (3072K), 3 survivors (3072K)
 Metaspace       used 13446K, capacity 13727K, committed 14080K, reserved 1062912K
  class space    used 1362K, capacity 1428K, committed 1536K, reserved 1048576K
}
Event: 2.116 GC heap before
{Heap before GC invocations=1 (full 0):
 garbage-first heap   total 131072K, used 53822K [0x0000000081c00000, 0x0000000100000000)
  region size 1024K, 53 young (54272K), 3 survivors (3072K)
 Metaspace       used 20747K, capacity 21112K, committed 21296K, reserved 1069056K
  class space    used 2234K, capacity 2357K, committed 2432K, reserved 1048576K
}
Event: 2.126 GC heap after
{Heap after GC invocations=2 (full 0):
 garbage-first heap   total 131072K, used 6852K [0x0000000081c00000, 0x0000000100000000)
  region size 1024K, 7 young (7168K), 7 survivors (7168K)
 Metaspace       used 20747K, capacity 21112K, committed 21296K, reserved 1069056K
  class space    used 2234K, capacity 2357K, committed 2432K, reserved 1048576K
}
Event: 3.239 GC heap before
{Heap before GC invocations=3 (full 0):
 garbage-first heap   total 131072K, used 62148K [0x0000000081c00000, 0x0000000100000000)
  region size 1024K, 61 young (62464K), 7 survivors (7168K)
 Metaspace       used 22000K, capacity 22363K, committed 22576K, reserved 1069056K
  class space    used 2298K, capacity 2430K, committed 2432K, reserved 1048576K
}
Event: 3.255 GC heap after
{Heap after GC invocations=4 (full 0):
 garbage-first heap   total 131072K, used 11624K [0x0000000081c00000, 0x0000000100000000)
  region size 1024K, 8 young (8192K), 8 survivors (8192K)
 Metaspace       used 22000K, capacity 22363K, committed 22576K, reserved 1069056K
  class space    used 2298K, capacity 2430K, committed 2432K, reserved 1048576K
}

